<?xml version="1.0" encoding="UTF-8"?>
<testsuite xmlns:xsi="http://www.w3.org/2001/XMLSchema-instance" xsi:noNamespaceSchemaLocation="https://maven.apache.org/surefire/maven-surefire-plugin/xsd/surefire-test-report.xsd" name="com.ygh.admin.YghAdminApplicationTests" time="5.748" tests="1" errors="0" skipped="0" failures="0">
  <properties>
    <property name="sun.desktop" value="windows"/>
    <property name="awt.toolkit" value="sun.awt.windows.WToolkit"/>
    <property name="file.encoding.pkg" value="sun.io"/>
    <property name="java.specification.version" value="1.8"/>
    <property name="sun.cpu.isalist" value="amd64"/>
    <property name="sun.jnu.encoding" value="GBK"/>
    <property name="java.class.path" value="D:\刘伟Springboot大作业\ygh-admin\target\test-classes;D:\刘伟Springboot大作业\ygh-admin\target\classes;D:\apache-maven-3.6.3\ygh_maven\org\springframework\boot\spring-boot-starter-web\2.2.1.RELEASE\spring-boot-starter-web-2.2.1.RELEASE.jar;D:\apache-maven-3.6.3\ygh_maven\org\springframework\boot\spring-boot-starter\2.2.1.RELEASE\spring-boot-starter-2.2.1.RELEASE.jar;D:\apache-maven-3.6.3\ygh_maven\org\springframework\boot\spring-boot\2.2.1.RELEASE\spring-boot-2.2.1.RELEASE.jar;D:\apache-maven-3.6.3\ygh_maven\org\springframework\boot\spring-boot-starter-logging\2.2.1.RELEASE\spring-boot-starter-logging-2.2.1.RELEASE.jar;D:\apache-maven-3.6.3\ygh_maven\ch\qos\logback\logback-classic\1.2.3\logback-classic-1.2.3.jar;D:\apache-maven-3.6.3\ygh_maven\ch\qos\logback\logback-core\1.2.3\logback-core-1.2.3.jar;D:\apache-maven-3.6.3\ygh_maven\org\apache\logging\log4j\log4j-to-slf4j\2.12.1\log4j-to-slf4j-2.12.1.jar;D:\apache-maven-3.6.3\ygh_maven\org\apache\logging\log4j\log4j-api\2.12.1\log4j-api-2.12.1.jar;D:\apache-maven-3.6.3\ygh_maven\org\slf4j\jul-to-slf4j\1.7.29\jul-to-slf4j-1.7.29.jar;D:\apache-maven-3.6.3\ygh_maven\jakarta\annotation\jakarta.annotation-api\1.3.5\jakarta.annotation-api-1.3.5.jar;D:\apache-maven-3.6.3\ygh_maven\org\yaml\snakeyaml\1.25\snakeyaml-1.25.jar;D:\apache-maven-3.6.3\ygh_maven\org\springframework\boot\spring-boot-starter-json\2.2.1.RELEASE\spring-boot-starter-json-2.2.1.RELEASE.jar;D:\apache-maven-3.6.3\ygh_maven\com\fasterxml\jackson\datatype\jackson-datatype-jdk8\2.10.0\jackson-datatype-jdk8-2.10.0.jar;D:\apache-maven-3.6.3\ygh_maven\com\fasterxml\jackson\datatype\jackson-datatype-jsr310\2.10.0\jackson-datatype-jsr310-2.10.0.jar;D:\apache-maven-3.6.3\ygh_maven\com\fasterxml\jackson\module\jackson-module-parameter-names\2.10.0\jackson-module-parameter-names-2.10.0.jar;D:\apache-maven-3.6.3\ygh_maven\org\springframework\boot\spring-boot-starter-tomcat\2.2.1.RELEASE\spring-boot-starter-tomcat-2.2.1.RELEASE.jar;D:\apache-maven-3.6.3\ygh_maven\org\apache\tomcat\embed\tomcat-embed-core\9.0.27\tomcat-embed-core-9.0.27.jar;D:\apache-maven-3.6.3\ygh_maven\org\apache\tomcat\embed\tomcat-embed-el\9.0.27\tomcat-embed-el-9.0.27.jar;D:\apache-maven-3.6.3\ygh_maven\org\apache\tomcat\embed\tomcat-embed-websocket\9.0.27\tomcat-embed-websocket-9.0.27.jar;D:\apache-maven-3.6.3\ygh_maven\org\springframework\boot\spring-boot-starter-validation\2.2.1.RELEASE\spring-boot-starter-validation-2.2.1.RELEASE.jar;D:\apache-maven-3.6.3\ygh_maven\jakarta\validation\jakarta.validation-api\2.0.1\jakarta.validation-api-2.0.1.jar;D:\apache-maven-3.6.3\ygh_maven\org\hibernate\validator\hibernate-validator\6.0.18.Final\hibernate-validator-6.0.18.Final.jar;D:\apache-maven-3.6.3\ygh_maven\org\jboss\logging\jboss-logging\3.4.1.Final\jboss-logging-3.4.1.Final.jar;D:\apache-maven-3.6.3\ygh_maven\org\springframework\spring-web\5.2.1.RELEASE\spring-web-5.2.1.RELEASE.jar;D:\apache-maven-3.6.3\ygh_maven\org\springframework\spring-beans\5.2.1.RELEASE\spring-beans-5.2.1.RELEASE.jar;D:\apache-maven-3.6.3\ygh_maven\org\springframework\spring-webmvc\5.2.1.RELEASE\spring-webmvc-5.2.1.RELEASE.jar;D:\apache-maven-3.6.3\ygh_maven\org\springframework\spring-context\5.2.1.RELEASE\spring-context-5.2.1.RELEASE.jar;D:\apache-maven-3.6.3\ygh_maven\org\springframework\spring-expression\5.2.1.RELEASE\spring-expression-5.2.1.RELEASE.jar;D:\apache-maven-3.6.3\ygh_maven\io\springfox\springfox-swagger2\2.7.0\springfox-swagger2-2.7.0.jar;D:\apache-maven-3.6.3\ygh_maven\io\swagger\swagger-annotations\1.5.13\swagger-annotations-1.5.13.jar;D:\apache-maven-3.6.3\ygh_maven\io\swagger\swagger-models\1.5.13\swagger-models-1.5.13.jar;D:\apache-maven-3.6.3\ygh_maven\com\fasterxml\jackson\core\jackson-annotations\2.10.0\jackson-annotations-2.10.0.jar;D:\apache-maven-3.6.3\ygh_maven\io\springfox\springfox-spi\2.7.0\springfox-spi-2.7.0.jar;D:\apache-maven-3.6.3\ygh_maven\io\springfox\springfox-core\2.7.0\springfox-core-2.7.0.jar;D:\apache-maven-3.6.3\ygh_maven\io\springfox\springfox-schema\2.7.0\springfox-schema-2.7.0.jar;D:\apache-maven-3.6.3\ygh_maven\io\springfox\springfox-swagger-common\2.7.0\springfox-swagger-common-2.7.0.jar;D:\apache-maven-3.6.3\ygh_maven\io\springfox\springfox-spring-web\2.7.0\springfox-spring-web-2.7.0.jar;D:\apache-maven-3.6.3\ygh_maven\org\reflections\reflections\0.9.11\reflections-0.9.11.jar;D:\apache-maven-3.6.3\ygh_maven\org\javassist\javassist\3.21.0-GA\javassist-3.21.0-GA.jar;D:\apache-maven-3.6.3\ygh_maven\com\google\guava\guava\18.0\guava-18.0.jar;D:\apache-maven-3.6.3\ygh_maven\com\fasterxml\classmate\1.5.1\classmate-1.5.1.jar;D:\apache-maven-3.6.3\ygh_maven\org\slf4j\slf4j-api\1.7.29\slf4j-api-1.7.29.jar;D:\apache-maven-3.6.3\ygh_maven\org\springframework\plugin\spring-plugin-core\1.2.0.RELEASE\spring-plugin-core-1.2.0.RELEASE.jar;D:\apache-maven-3.6.3\ygh_maven\org\springframework\plugin\spring-plugin-metadata\1.2.0.RELEASE\spring-plugin-metadata-1.2.0.RELEASE.jar;D:\apache-maven-3.6.3\ygh_maven\org\mapstruct\mapstruct\1.1.0.Final\mapstruct-1.1.0.Final.jar;D:\apache-maven-3.6.3\ygh_maven\io\springfox\springfox-swagger-ui\2.7.0\springfox-swagger-ui-2.7.0.jar;D:\apache-maven-3.6.3\ygh_maven\mysql\mysql-connector-java\8.0.18\mysql-connector-java-8.0.18.jar;D:\apache-maven-3.6.3\ygh_maven\org\projectlombok\lombok\1.18.10\lombok-1.18.10.jar;D:\apache-maven-3.6.3\ygh_maven\org\springframework\boot\spring-boot-starter-test\2.2.1.RELEASE\spring-boot-starter-test-2.2.1.RELEASE.jar;D:\apache-maven-3.6.3\ygh_maven\org\springframework\boot\spring-boot-test\2.2.1.RELEASE\spring-boot-test-2.2.1.RELEASE.jar;D:\apache-maven-3.6.3\ygh_maven\org\springframework\boot\spring-boot-test-autoconfigure\2.2.1.RELEASE\spring-boot-test-autoconfigure-2.2.1.RELEASE.jar;D:\apache-maven-3.6.3\ygh_maven\com\jayway\jsonpath\json-path\2.4.0\json-path-2.4.0.jar;D:\apache-maven-3.6.3\ygh_maven\net\minidev\json-smart\2.3\json-smart-2.3.jar;D:\apache-maven-3.6.3\ygh_maven\net\minidev\accessors-smart\1.2\accessors-smart-1.2.jar;D:\apache-maven-3.6.3\ygh_maven\org\ow2\asm\asm\5.0.4\asm-5.0.4.jar;D:\apache-maven-3.6.3\ygh_maven\jakarta\xml\bind\jakarta.xml.bind-api\2.3.2\jakarta.xml.bind-api-2.3.2.jar;D:\apache-maven-3.6.3\ygh_maven\jakarta\activation\jakarta.activation-api\1.2.1\jakarta.activation-api-1.2.1.jar;D:\apache-maven-3.6.3\ygh_maven\org\junit\jupiter\junit-jupiter\5.5.2\junit-jupiter-5.5.2.jar;D:\apache-maven-3.6.3\ygh_maven\org\junit\jupiter\junit-jupiter-api\5.5.2\junit-jupiter-api-5.5.2.jar;D:\apache-maven-3.6.3\ygh_maven\org\opentest4j\opentest4j\1.2.0\opentest4j-1.2.0.jar;D:\apache-maven-3.6.3\ygh_maven\org\junit\platform\junit-platform-commons\1.5.2\junit-platform-commons-1.5.2.jar;D:\apache-maven-3.6.3\ygh_maven\org\junit\jupiter\junit-jupiter-params\5.5.2\junit-jupiter-params-5.5.2.jar;D:\apache-maven-3.6.3\ygh_maven\org\junit\jupiter\junit-jupiter-engine\5.5.2\junit-jupiter-engine-5.5.2.jar;D:\apache-maven-3.6.3\ygh_maven\org\junit\vintage\junit-vintage-engine\5.5.2\junit-vintage-engine-5.5.2.jar;D:\apache-maven-3.6.3\ygh_maven\org\apiguardian\apiguardian-api\1.1.0\apiguardian-api-1.1.0.jar;D:\apache-maven-3.6.3\ygh_maven\org\junit\platform\junit-platform-engine\1.5.2\junit-platform-engine-1.5.2.jar;D:\apache-maven-3.6.3\ygh_maven\org\mockito\mockito-junit-jupiter\3.1.0\mockito-junit-jupiter-3.1.0.jar;D:\apache-maven-3.6.3\ygh_maven\org\assertj\assertj-core\3.13.2\assertj-core-3.13.2.jar;D:\apache-maven-3.6.3\ygh_maven\org\hamcrest\hamcrest\2.1\hamcrest-2.1.jar;D:\apache-maven-3.6.3\ygh_maven\org\mockito\mockito-core\3.1.0\mockito-core-3.1.0.jar;D:\apache-maven-3.6.3\ygh_maven\net\bytebuddy\byte-buddy\1.10.2\byte-buddy-1.10.2.jar;D:\apache-maven-3.6.3\ygh_maven\net\bytebuddy\byte-buddy-agent\1.10.2\byte-buddy-agent-1.10.2.jar;D:\apache-maven-3.6.3\ygh_maven\org\objenesis\objenesis\2.6\objenesis-2.6.jar;D:\apache-maven-3.6.3\ygh_maven\org\skyscreamer\jsonassert\1.5.0\jsonassert-1.5.0.jar;D:\apache-maven-3.6.3\ygh_maven\com\vaadin\external\google\android-json\0.0.20131108.vaadin1\android-json-0.0.20131108.vaadin1.jar;D:\apache-maven-3.6.3\ygh_maven\org\springframework\spring-core\5.2.1.RELEASE\spring-core-5.2.1.RELEASE.jar;D:\apache-maven-3.6.3\ygh_maven\org\springframework\spring-jcl\5.2.1.RELEASE\spring-jcl-5.2.1.RELEASE.jar;D:\apache-maven-3.6.3\ygh_maven\org\springframework\spring-test\5.2.1.RELEASE\spring-test-5.2.1.RELEASE.jar;D:\apache-maven-3.6.3\ygh_maven\org\xmlunit\xmlunit-core\2.6.3\xmlunit-core-2.6.3.jar;D:\apache-maven-3.6.3\ygh_maven\com\baomidou\mybatis-plus-boot-starter\3.0.5\mybatis-plus-boot-starter-3.0.5.jar;D:\apache-maven-3.6.3\ygh_maven\com\baomidou\mybatis-plus\3.0.5\mybatis-plus-3.0.5.jar;D:\apache-maven-3.6.3\ygh_maven\com\baomidou\mybatis-plus-extension\3.0.5\mybatis-plus-extension-3.0.5.jar;D:\apache-maven-3.6.3\ygh_maven\com\baomidou\mybatis-plus-core\3.0.5\mybatis-plus-core-3.0.5.jar;D:\apache-maven-3.6.3\ygh_maven\com\baomidou\mybatis-plus-annotation\3.0.5\mybatis-plus-annotation-3.0.5.jar;D:\apache-maven-3.6.3\ygh_maven\com\github\jsqlparser\jsqlparser\1.2\jsqlparser-1.2.jar;D:\apache-maven-3.6.3\ygh_maven\org\mybatis\mybatis-spring\1.3.2\mybatis-spring-1.3.2.jar;D:\apache-maven-3.6.3\ygh_maven\org\mybatis\mybatis\3.4.6\mybatis-3.4.6.jar;D:\apache-maven-3.6.3\ygh_maven\com\baomidou\mybatis-plus-generator\3.0.5\mybatis-plus-generator-3.0.5.jar;D:\apache-maven-3.6.3\ygh_maven\org\springframework\boot\spring-boot-autoconfigure\2.2.1.RELEASE\spring-boot-autoconfigure-2.2.1.RELEASE.jar;D:\apache-maven-3.6.3\ygh_maven\org\springframework\boot\spring-boot-starter-jdbc\2.2.1.RELEASE\spring-boot-starter-jdbc-2.2.1.RELEASE.jar;D:\apache-maven-3.6.3\ygh_maven\com\zaxxer\HikariCP\3.4.1\HikariCP-3.4.1.jar;D:\apache-maven-3.6.3\ygh_maven\org\springframework\spring-jdbc\5.2.1.RELEASE\spring-jdbc-5.2.1.RELEASE.jar;D:\apache-maven-3.6.3\ygh_maven\org\springframework\boot\spring-boot-configuration-processor\2.2.1.RELEASE\spring-boot-configuration-processor-2.2.1.RELEASE.jar;D:\apache-maven-3.6.3\ygh_maven\org\apache\velocity\velocity-engine-core\2.0\velocity-engine-core-2.0.jar;D:\apache-maven-3.6.3\ygh_maven\org\apache\commons\commons-lang3\3.9\commons-lang3-3.9.jar;D:\apache-maven-3.6.3\ygh_maven\junit\junit\4.12\junit-4.12.jar;D:\apache-maven-3.6.3\ygh_maven\org\hamcrest\hamcrest-core\2.1\hamcrest-core-2.1.jar;D:\apache-maven-3.6.3\ygh_maven\io\jsonwebtoken\jjwt\0.7.0\jjwt-0.7.0.jar;D:\apache-maven-3.6.3\ygh_maven\com\fasterxml\jackson\core\jackson-databind\2.10.0\jackson-databind-2.10.0.jar;D:\apache-maven-3.6.3\ygh_maven\com\fasterxml\jackson\core\jackson-core\2.10.0\jackson-core-2.10.0.jar;D:\apache-maven-3.6.3\ygh_maven\com\alibaba\fastjson\1.2.28\fastjson-1.2.28.jar;D:\apache-maven-3.6.3\ygh_maven\org\json\json\20170516\json-20170516.jar;D:\apache-maven-3.6.3\ygh_maven\com\aliyun\aliyun-java-sdk-core\4.3.3\aliyun-java-sdk-core-4.3.3.jar;D:\apache-maven-3.6.3\ygh_maven\com\google\code\gson\gson\2.8.2\gson-2.8.2.jar;D:\apache-maven-3.6.3\ygh_maven\org\apache\httpcomponents\httpclient\4.5.10\httpclient-4.5.10.jar;D:\apache-maven-3.6.3\ygh_maven\org\apache\httpcomponents\httpcore\4.4.12\httpcore-4.4.12.jar;D:\apache-maven-3.6.3\ygh_maven\commons-codec\commons-codec\1.13\commons-codec-1.13.jar;D:\apache-maven-3.6.3\ygh_maven\javax\xml\bind\jaxb-api\2.3.1\jaxb-api-2.3.1.jar;D:\apache-maven-3.6.3\ygh_maven\javax\activation\javax.activation-api\1.2.0\javax.activation-api-1.2.0.jar;D:\apache-maven-3.6.3\ygh_maven\com\sun\xml\bind\jaxb-core\2.3.0.1\jaxb-core-2.3.0.1.jar;D:\apache-maven-3.6.3\ygh_maven\com\sun\xml\bind\jaxb-impl\2.3.2\jaxb-impl-2.3.2.jar;D:\apache-maven-3.6.3\ygh_maven\javax\activation\activation\1.1.1\activation-1.1.1.jar;D:\apache-maven-3.6.3\ygh_maven\org\jacoco\org.jacoco.agent\0.8.3\org.jacoco.agent-0.8.3-runtime.jar;D:\apache-maven-3.6.3\ygh_maven\com\aliyun\oss\aliyun-sdk-oss\3.1.0\aliyun-sdk-oss-3.1.0.jar;D:\apache-maven-3.6.3\ygh_maven\org\jdom\jdom\1.1\jdom-1.1.jar;D:\apache-maven-3.6.3\ygh_maven\com\sun\jersey\jersey-json\1.9\jersey-json-1.9.jar;D:\apache-maven-3.6.3\ygh_maven\org\codehaus\jettison\jettison\1.1\jettison-1.1.jar;D:\apache-maven-3.6.3\ygh_maven\stax\stax-api\1.0.1\stax-api-1.0.1.jar;D:\apache-maven-3.6.3\ygh_maven\org\codehaus\jackson\jackson-core-asl\1.8.3\jackson-core-asl-1.8.3.jar;D:\apache-maven-3.6.3\ygh_maven\org\codehaus\jackson\jackson-mapper-asl\1.8.3\jackson-mapper-asl-1.8.3.jar;D:\apache-maven-3.6.3\ygh_maven\org\codehaus\jackson\jackson-jaxrs\1.8.3\jackson-jaxrs-1.8.3.jar;D:\apache-maven-3.6.3\ygh_maven\org\codehaus\jackson\jackson-xc\1.8.3\jackson-xc-1.8.3.jar;D:\apache-maven-3.6.3\ygh_maven\com\sun\jersey\jersey-core\1.9\jersey-core-1.9.jar;D:\apache-maven-3.6.3\ygh_maven\com\aliyun\aliyun-java-sdk-ram\3.0.0\aliyun-java-sdk-ram-3.0.0.jar;D:\apache-maven-3.6.3\ygh_maven\com\aliyun\aliyun-java-sdk-sts\3.0.0\aliyun-java-sdk-sts-3.0.0.jar;D:\apache-maven-3.6.3\ygh_maven\com\aliyun\aliyun-java-sdk-ecs\4.2.0\aliyun-java-sdk-ecs-4.2.0.jar;D:\apache-maven-3.6.3\ygh_maven\joda-time\joda-time\2.10.1\joda-time-2.10.1.jar;D:\apache-maven-3.6.3\ygh_maven\org\springframework\boot\spring-boot-starter-data-redis\2.2.1.RELEASE\spring-boot-starter-data-redis-2.2.1.RELEASE.jar;D:\apache-maven-3.6.3\ygh_maven\org\springframework\data\spring-data-redis\2.2.1.RELEASE\spring-data-redis-2.2.1.RELEASE.jar;D:\apache-maven-3.6.3\ygh_maven\org\springframework\data\spring-data-keyvalue\2.2.1.RELEASE\spring-data-keyvalue-2.2.1.RELEASE.jar;D:\apache-maven-3.6.3\ygh_maven\org\springframework\data\spring-data-commons\2.2.1.RELEASE\spring-data-commons-2.2.1.RELEASE.jar;D:\apache-maven-3.6.3\ygh_maven\org\springframework\spring-tx\5.2.1.RELEASE\spring-tx-5.2.1.RELEASE.jar;D:\apache-maven-3.6.3\ygh_maven\org\springframework\spring-oxm\5.2.1.RELEASE\spring-oxm-5.2.1.RELEASE.jar;D:\apache-maven-3.6.3\ygh_maven\org\springframework\spring-context-support\5.2.1.RELEASE\spring-context-support-5.2.1.RELEASE.jar;D:\apache-maven-3.6.3\ygh_maven\io\lettuce\lettuce-core\5.2.1.RELEASE\lettuce-core-5.2.1.RELEASE.jar;D:\apache-maven-3.6.3\ygh_maven\io\netty\netty-common\4.1.43.Final\netty-common-4.1.43.Final.jar;D:\apache-maven-3.6.3\ygh_maven\io\netty\netty-handler\4.1.43.Final\netty-handler-4.1.43.Final.jar;D:\apache-maven-3.6.3\ygh_maven\io\netty\netty-buffer\4.1.43.Final\netty-buffer-4.1.43.Final.jar;D:\apache-maven-3.6.3\ygh_maven\io\netty\netty-codec\4.1.43.Final\netty-codec-4.1.43.Final.jar;D:\apache-maven-3.6.3\ygh_maven\io\netty\netty-transport\4.1.43.Final\netty-transport-4.1.43.Final.jar;D:\apache-maven-3.6.3\ygh_maven\io\netty\netty-resolver\4.1.43.Final\netty-resolver-4.1.43.Final.jar;D:\apache-maven-3.6.3\ygh_maven\io\projectreactor\reactor-core\3.3.0.RELEASE\reactor-core-3.3.0.RELEASE.jar;D:\apache-maven-3.6.3\ygh_maven\org\reactivestreams\reactive-streams\1.0.3\reactive-streams-1.0.3.jar;D:\apache-maven-3.6.3\ygh_maven\org\apache\commons\commons-pool2\2.6.0\commons-pool2-2.6.0.jar;D:\apache-maven-3.6.3\ygh_maven\org\springframework\boot\spring-boot-starter-aop\2.2.1.RELEASE\spring-boot-starter-aop-2.2.1.RELEASE.jar;D:\apache-maven-3.6.3\ygh_maven\org\springframework\spring-aop\5.2.1.RELEASE\spring-aop-5.2.1.RELEASE.jar;D:\apache-maven-3.6.3\ygh_maven\org\aspectj\aspectjweaver\1.9.4\aspectjweaver-1.9.4.jar;D:\apache-maven-3.6.3\ygh_maven\cn\hutool\hutool-all\5.5.7\hutool-all-5.5.7.jar;D:\apache-maven-3.6.3\ygh_maven\nl\basjes\parse\useragent\yauaa\5.23\yauaa-5.23.jar;D:\apache-maven-3.6.3\ygh_maven\org\apache\httpcomponents\client5\httpclient5\5.0.3\httpclient5-5.0.3.jar;D:\apache-maven-3.6.3\ygh_maven\org\apache\httpcomponents\core5\httpcore5\5.0.2\httpcore5-5.0.2.jar;D:\apache-maven-3.6.3\ygh_maven\org\apache\httpcomponents\core5\httpcore5-h2\5.0.2\httpcore5-h2-5.0.2.jar;D:\apache-maven-3.6.3\ygh_maven\org\apache\commons\commons-text\1.9\commons-text-1.9.jar;D:\apache-maven-3.6.3\ygh_maven\org\apache\commons\commons-collections4\4.4\commons-collections4-4.4.jar;D:\apache-maven-3.6.3\ygh_maven\nl\basjes\collections\prefixmap\2.0\prefixmap-2.0.jar;D:\apache-maven-3.6.3\ygh_maven\org\lionsoul\ip2region\1.7.2\ip2region-1.7.2.jar;"/>
    <property name="java.vm.vendor" value="Oracle Corporation"/>
    <property name="sun.arch.data.model" value="64"/>
    <property name="user.variant" value=""/>
    <property name="java.vendor.url" value="http://java.oracle.com/"/>
    <property name="user.timezone" value="Asia/Shanghai"/>
    <property name="java.vm.specification.version" value="1.8"/>
    <property name="os.name" value="Windows 11"/>
    <property name="user.country" value="CN"/>
    <property name="sun.java.launcher" value="SUN_STANDARD"/>
    <property name="sun.boot.library.path" value="D:\Java\jdk1.8.0_333\jre\bin"/>
    <property name="sun.java.command" value="C:\Users\YangGh\AppData\Local\Temp\surefire8456286759998589941\surefirebooter6323924805573992366.jar C:\Users\YangGh\AppData\Local\Temp\surefire8456286759998589941 2022-12-12T10-57-51_896-jvmRun1 surefire6725336137697784766tmp surefire_02738125853769302139tmp"/>
    <property name="surefire.test.class.path" value="D:\刘伟Springboot大作业\ygh-admin\target\test-classes;D:\刘伟Springboot大作业\ygh-admin\target\classes;D:\apache-maven-3.6.3\ygh_maven\org\springframework\boot\spring-boot-starter-web\2.2.1.RELEASE\spring-boot-starter-web-2.2.1.RELEASE.jar;D:\apache-maven-3.6.3\ygh_maven\org\springframework\boot\spring-boot-starter\2.2.1.RELEASE\spring-boot-starter-2.2.1.RELEASE.jar;D:\apache-maven-3.6.3\ygh_maven\org\springframework\boot\spring-boot\2.2.1.RELEASE\spring-boot-2.2.1.RELEASE.jar;D:\apache-maven-3.6.3\ygh_maven\org\springframework\boot\spring-boot-starter-logging\2.2.1.RELEASE\spring-boot-starter-logging-2.2.1.RELEASE.jar;D:\apache-maven-3.6.3\ygh_maven\ch\qos\logback\logback-classic\1.2.3\logback-classic-1.2.3.jar;D:\apache-maven-3.6.3\ygh_maven\ch\qos\logback\logback-core\1.2.3\logback-core-1.2.3.jar;D:\apache-maven-3.6.3\ygh_maven\org\apache\logging\log4j\log4j-to-slf4j\2.12.1\log4j-to-slf4j-2.12.1.jar;D:\apache-maven-3.6.3\ygh_maven\org\apache\logging\log4j\log4j-api\2.12.1\log4j-api-2.12.1.jar;D:\apache-maven-3.6.3\ygh_maven\org\slf4j\jul-to-slf4j\1.7.29\jul-to-slf4j-1.7.29.jar;D:\apache-maven-3.6.3\ygh_maven\jakarta\annotation\jakarta.annotation-api\1.3.5\jakarta.annotation-api-1.3.5.jar;D:\apache-maven-3.6.3\ygh_maven\org\yaml\snakeyaml\1.25\snakeyaml-1.25.jar;D:\apache-maven-3.6.3\ygh_maven\org\springframework\boot\spring-boot-starter-json\2.2.1.RELEASE\spring-boot-starter-json-2.2.1.RELEASE.jar;D:\apache-maven-3.6.3\ygh_maven\com\fasterxml\jackson\datatype\jackson-datatype-jdk8\2.10.0\jackson-datatype-jdk8-2.10.0.jar;D:\apache-maven-3.6.3\ygh_maven\com\fasterxml\jackson\datatype\jackson-datatype-jsr310\2.10.0\jackson-datatype-jsr310-2.10.0.jar;D:\apache-maven-3.6.3\ygh_maven\com\fasterxml\jackson\module\jackson-module-parameter-names\2.10.0\jackson-module-parameter-names-2.10.0.jar;D:\apache-maven-3.6.3\ygh_maven\org\springframework\boot\spring-boot-starter-tomcat\2.2.1.RELEASE\spring-boot-starter-tomcat-2.2.1.RELEASE.jar;D:\apache-maven-3.6.3\ygh_maven\org\apache\tomcat\embed\tomcat-embed-core\9.0.27\tomcat-embed-core-9.0.27.jar;D:\apache-maven-3.6.3\ygh_maven\org\apache\tomcat\embed\tomcat-embed-el\9.0.27\tomcat-embed-el-9.0.27.jar;D:\apache-maven-3.6.3\ygh_maven\org\apache\tomcat\embed\tomcat-embed-websocket\9.0.27\tomcat-embed-websocket-9.0.27.jar;D:\apache-maven-3.6.3\ygh_maven\org\springframework\boot\spring-boot-starter-validation\2.2.1.RELEASE\spring-boot-starter-validation-2.2.1.RELEASE.jar;D:\apache-maven-3.6.3\ygh_maven\jakarta\validation\jakarta.validation-api\2.0.1\jakarta.validation-api-2.0.1.jar;D:\apache-maven-3.6.3\ygh_maven\org\hibernate\validator\hibernate-validator\6.0.18.Final\hibernate-validator-6.0.18.Final.jar;D:\apache-maven-3.6.3\ygh_maven\org\jboss\logging\jboss-logging\3.4.1.Final\jboss-logging-3.4.1.Final.jar;D:\apache-maven-3.6.3\ygh_maven\org\springframework\spring-web\5.2.1.RELEASE\spring-web-5.2.1.RELEASE.jar;D:\apache-maven-3.6.3\ygh_maven\org\springframework\spring-beans\5.2.1.RELEASE\spring-beans-5.2.1.RELEASE.jar;D:\apache-maven-3.6.3\ygh_maven\org\springframework\spring-webmvc\5.2.1.RELEASE\spring-webmvc-5.2.1.RELEASE.jar;D:\apache-maven-3.6.3\ygh_maven\org\springframework\spring-context\5.2.1.RELEASE\spring-context-5.2.1.RELEASE.jar;D:\apache-maven-3.6.3\ygh_maven\org\springframework\spring-expression\5.2.1.RELEASE\spring-expression-5.2.1.RELEASE.jar;D:\apache-maven-3.6.3\ygh_maven\io\springfox\springfox-swagger2\2.7.0\springfox-swagger2-2.7.0.jar;D:\apache-maven-3.6.3\ygh_maven\io\swagger\swagger-annotations\1.5.13\swagger-annotations-1.5.13.jar;D:\apache-maven-3.6.3\ygh_maven\io\swagger\swagger-models\1.5.13\swagger-models-1.5.13.jar;D:\apache-maven-3.6.3\ygh_maven\com\fasterxml\jackson\core\jackson-annotations\2.10.0\jackson-annotations-2.10.0.jar;D:\apache-maven-3.6.3\ygh_maven\io\springfox\springfox-spi\2.7.0\springfox-spi-2.7.0.jar;D:\apache-maven-3.6.3\ygh_maven\io\springfox\springfox-core\2.7.0\springfox-core-2.7.0.jar;D:\apache-maven-3.6.3\ygh_maven\io\springfox\springfox-schema\2.7.0\springfox-schema-2.7.0.jar;D:\apache-maven-3.6.3\ygh_maven\io\springfox\springfox-swagger-common\2.7.0\springfox-swagger-common-2.7.0.jar;D:\apache-maven-3.6.3\ygh_maven\io\springfox\springfox-spring-web\2.7.0\springfox-spring-web-2.7.0.jar;D:\apache-maven-3.6.3\ygh_maven\org\reflections\reflections\0.9.11\reflections-0.9.11.jar;D:\apache-maven-3.6.3\ygh_maven\org\javassist\javassist\3.21.0-GA\javassist-3.21.0-GA.jar;D:\apache-maven-3.6.3\ygh_maven\com\google\guava\guava\18.0\guava-18.0.jar;D:\apache-maven-3.6.3\ygh_maven\com\fasterxml\classmate\1.5.1\classmate-1.5.1.jar;D:\apache-maven-3.6.3\ygh_maven\org\slf4j\slf4j-api\1.7.29\slf4j-api-1.7.29.jar;D:\apache-maven-3.6.3\ygh_maven\org\springframework\plugin\spring-plugin-core\1.2.0.RELEASE\spring-plugin-core-1.2.0.RELEASE.jar;D:\apache-maven-3.6.3\ygh_maven\org\springframework\plugin\spring-plugin-metadata\1.2.0.RELEASE\spring-plugin-metadata-1.2.0.RELEASE.jar;D:\apache-maven-3.6.3\ygh_maven\org\mapstruct\mapstruct\1.1.0.Final\mapstruct-1.1.0.Final.jar;D:\apache-maven-3.6.3\ygh_maven\io\springfox\springfox-swagger-ui\2.7.0\springfox-swagger-ui-2.7.0.jar;D:\apache-maven-3.6.3\ygh_maven\mysql\mysql-connector-java\8.0.18\mysql-connector-java-8.0.18.jar;D:\apache-maven-3.6.3\ygh_maven\org\projectlombok\lombok\1.18.10\lombok-1.18.10.jar;D:\apache-maven-3.6.3\ygh_maven\org\springframework\boot\spring-boot-starter-test\2.2.1.RELEASE\spring-boot-starter-test-2.2.1.RELEASE.jar;D:\apache-maven-3.6.3\ygh_maven\org\springframework\boot\spring-boot-test\2.2.1.RELEASE\spring-boot-test-2.2.1.RELEASE.jar;D:\apache-maven-3.6.3\ygh_maven\org\springframework\boot\spring-boot-test-autoconfigure\2.2.1.RELEASE\spring-boot-test-autoconfigure-2.2.1.RELEASE.jar;D:\apache-maven-3.6.3\ygh_maven\com\jayway\jsonpath\json-path\2.4.0\json-path-2.4.0.jar;D:\apache-maven-3.6.3\ygh_maven\net\minidev\json-smart\2.3\json-smart-2.3.jar;D:\apache-maven-3.6.3\ygh_maven\net\minidev\accessors-smart\1.2\accessors-smart-1.2.jar;D:\apache-maven-3.6.3\ygh_maven\org\ow2\asm\asm\5.0.4\asm-5.0.4.jar;D:\apache-maven-3.6.3\ygh_maven\jakarta\xml\bind\jakarta.xml.bind-api\2.3.2\jakarta.xml.bind-api-2.3.2.jar;D:\apache-maven-3.6.3\ygh_maven\jakarta\activation\jakarta.activation-api\1.2.1\jakarta.activation-api-1.2.1.jar;D:\apache-maven-3.6.3\ygh_maven\org\junit\jupiter\junit-jupiter\5.5.2\junit-jupiter-5.5.2.jar;D:\apache-maven-3.6.3\ygh_maven\org\junit\jupiter\junit-jupiter-api\5.5.2\junit-jupiter-api-5.5.2.jar;D:\apache-maven-3.6.3\ygh_maven\org\opentest4j\opentest4j\1.2.0\opentest4j-1.2.0.jar;D:\apache-maven-3.6.3\ygh_maven\org\junit\platform\junit-platform-commons\1.5.2\junit-platform-commons-1.5.2.jar;D:\apache-maven-3.6.3\ygh_maven\org\junit\jupiter\junit-jupiter-params\5.5.2\junit-jupiter-params-5.5.2.jar;D:\apache-maven-3.6.3\ygh_maven\org\junit\jupiter\junit-jupiter-engine\5.5.2\junit-jupiter-engine-5.5.2.jar;D:\apache-maven-3.6.3\ygh_maven\org\junit\vintage\junit-vintage-engine\5.5.2\junit-vintage-engine-5.5.2.jar;D:\apache-maven-3.6.3\ygh_maven\org\apiguardian\apiguardian-api\1.1.0\apiguardian-api-1.1.0.jar;D:\apache-maven-3.6.3\ygh_maven\org\junit\platform\junit-platform-engine\1.5.2\junit-platform-engine-1.5.2.jar;D:\apache-maven-3.6.3\ygh_maven\org\mockito\mockito-junit-jupiter\3.1.0\mockito-junit-jupiter-3.1.0.jar;D:\apache-maven-3.6.3\ygh_maven\org\assertj\assertj-core\3.13.2\assertj-core-3.13.2.jar;D:\apache-maven-3.6.3\ygh_maven\org\hamcrest\hamcrest\2.1\hamcrest-2.1.jar;D:\apache-maven-3.6.3\ygh_maven\org\mockito\mockito-core\3.1.0\mockito-core-3.1.0.jar;D:\apache-maven-3.6.3\ygh_maven\net\bytebuddy\byte-buddy\1.10.2\byte-buddy-1.10.2.jar;D:\apache-maven-3.6.3\ygh_maven\net\bytebuddy\byte-buddy-agent\1.10.2\byte-buddy-agent-1.10.2.jar;D:\apache-maven-3.6.3\ygh_maven\org\objenesis\objenesis\2.6\objenesis-2.6.jar;D:\apache-maven-3.6.3\ygh_maven\org\skyscreamer\jsonassert\1.5.0\jsonassert-1.5.0.jar;D:\apache-maven-3.6.3\ygh_maven\com\vaadin\external\google\android-json\0.0.20131108.vaadin1\android-json-0.0.20131108.vaadin1.jar;D:\apache-maven-3.6.3\ygh_maven\org\springframework\spring-core\5.2.1.RELEASE\spring-core-5.2.1.RELEASE.jar;D:\apache-maven-3.6.3\ygh_maven\org\springframework\spring-jcl\5.2.1.RELEASE\spring-jcl-5.2.1.RELEASE.jar;D:\apache-maven-3.6.3\ygh_maven\org\springframework\spring-test\5.2.1.RELEASE\spring-test-5.2.1.RELEASE.jar;D:\apache-maven-3.6.3\ygh_maven\org\xmlunit\xmlunit-core\2.6.3\xmlunit-core-2.6.3.jar;D:\apache-maven-3.6.3\ygh_maven\com\baomidou\mybatis-plus-boot-starter\3.0.5\mybatis-plus-boot-starter-3.0.5.jar;D:\apache-maven-3.6.3\ygh_maven\com\baomidou\mybatis-plus\3.0.5\mybatis-plus-3.0.5.jar;D:\apache-maven-3.6.3\ygh_maven\com\baomidou\mybatis-plus-extension\3.0.5\mybatis-plus-extension-3.0.5.jar;D:\apache-maven-3.6.3\ygh_maven\com\baomidou\mybatis-plus-core\3.0.5\mybatis-plus-core-3.0.5.jar;D:\apache-maven-3.6.3\ygh_maven\com\baomidou\mybatis-plus-annotation\3.0.5\mybatis-plus-annotation-3.0.5.jar;D:\apache-maven-3.6.3\ygh_maven\com\github\jsqlparser\jsqlparser\1.2\jsqlparser-1.2.jar;D:\apache-maven-3.6.3\ygh_maven\org\mybatis\mybatis-spring\1.3.2\mybatis-spring-1.3.2.jar;D:\apache-maven-3.6.3\ygh_maven\org\mybatis\mybatis\3.4.6\mybatis-3.4.6.jar;D:\apache-maven-3.6.3\ygh_maven\com\baomidou\mybatis-plus-generator\3.0.5\mybatis-plus-generator-3.0.5.jar;D:\apache-maven-3.6.3\ygh_maven\org\springframework\boot\spring-boot-autoconfigure\2.2.1.RELEASE\spring-boot-autoconfigure-2.2.1.RELEASE.jar;D:\apache-maven-3.6.3\ygh_maven\org\springframework\boot\spring-boot-starter-jdbc\2.2.1.RELEASE\spring-boot-starter-jdbc-2.2.1.RELEASE.jar;D:\apache-maven-3.6.3\ygh_maven\com\zaxxer\HikariCP\3.4.1\HikariCP-3.4.1.jar;D:\apache-maven-3.6.3\ygh_maven\org\springframework\spring-jdbc\5.2.1.RELEASE\spring-jdbc-5.2.1.RELEASE.jar;D:\apache-maven-3.6.3\ygh_maven\org\springframework\boot\spring-boot-configuration-processor\2.2.1.RELEASE\spring-boot-configuration-processor-2.2.1.RELEASE.jar;D:\apache-maven-3.6.3\ygh_maven\org\apache\velocity\velocity-engine-core\2.0\velocity-engine-core-2.0.jar;D:\apache-maven-3.6.3\ygh_maven\org\apache\commons\commons-lang3\3.9\commons-lang3-3.9.jar;D:\apache-maven-3.6.3\ygh_maven\junit\junit\4.12\junit-4.12.jar;D:\apache-maven-3.6.3\ygh_maven\org\hamcrest\hamcrest-core\2.1\hamcrest-core-2.1.jar;D:\apache-maven-3.6.3\ygh_maven\io\jsonwebtoken\jjwt\0.7.0\jjwt-0.7.0.jar;D:\apache-maven-3.6.3\ygh_maven\com\fasterxml\jackson\core\jackson-databind\2.10.0\jackson-databind-2.10.0.jar;D:\apache-maven-3.6.3\ygh_maven\com\fasterxml\jackson\core\jackson-core\2.10.0\jackson-core-2.10.0.jar;D:\apache-maven-3.6.3\ygh_maven\com\alibaba\fastjson\1.2.28\fastjson-1.2.28.jar;D:\apache-maven-3.6.3\ygh_maven\org\json\json\20170516\json-20170516.jar;D:\apache-maven-3.6.3\ygh_maven\com\aliyun\aliyun-java-sdk-core\4.3.3\aliyun-java-sdk-core-4.3.3.jar;D:\apache-maven-3.6.3\ygh_maven\com\google\code\gson\gson\2.8.2\gson-2.8.2.jar;D:\apache-maven-3.6.3\ygh_maven\org\apache\httpcomponents\httpclient\4.5.10\httpclient-4.5.10.jar;D:\apache-maven-3.6.3\ygh_maven\org\apache\httpcomponents\httpcore\4.4.12\httpcore-4.4.12.jar;D:\apache-maven-3.6.3\ygh_maven\commons-codec\commons-codec\1.13\commons-codec-1.13.jar;D:\apache-maven-3.6.3\ygh_maven\javax\xml\bind\jaxb-api\2.3.1\jaxb-api-2.3.1.jar;D:\apache-maven-3.6.3\ygh_maven\javax\activation\javax.activation-api\1.2.0\javax.activation-api-1.2.0.jar;D:\apache-maven-3.6.3\ygh_maven\com\sun\xml\bind\jaxb-core\2.3.0.1\jaxb-core-2.3.0.1.jar;D:\apache-maven-3.6.3\ygh_maven\com\sun\xml\bind\jaxb-impl\2.3.2\jaxb-impl-2.3.2.jar;D:\apache-maven-3.6.3\ygh_maven\javax\activation\activation\1.1.1\activation-1.1.1.jar;D:\apache-maven-3.6.3\ygh_maven\org\jacoco\org.jacoco.agent\0.8.3\org.jacoco.agent-0.8.3-runtime.jar;D:\apache-maven-3.6.3\ygh_maven\com\aliyun\oss\aliyun-sdk-oss\3.1.0\aliyun-sdk-oss-3.1.0.jar;D:\apache-maven-3.6.3\ygh_maven\org\jdom\jdom\1.1\jdom-1.1.jar;D:\apache-maven-3.6.3\ygh_maven\com\sun\jersey\jersey-json\1.9\jersey-json-1.9.jar;D:\apache-maven-3.6.3\ygh_maven\org\codehaus\jettison\jettison\1.1\jettison-1.1.jar;D:\apache-maven-3.6.3\ygh_maven\stax\stax-api\1.0.1\stax-api-1.0.1.jar;D:\apache-maven-3.6.3\ygh_maven\org\codehaus\jackson\jackson-core-asl\1.8.3\jackson-core-asl-1.8.3.jar;D:\apache-maven-3.6.3\ygh_maven\org\codehaus\jackson\jackson-mapper-asl\1.8.3\jackson-mapper-asl-1.8.3.jar;D:\apache-maven-3.6.3\ygh_maven\org\codehaus\jackson\jackson-jaxrs\1.8.3\jackson-jaxrs-1.8.3.jar;D:\apache-maven-3.6.3\ygh_maven\org\codehaus\jackson\jackson-xc\1.8.3\jackson-xc-1.8.3.jar;D:\apache-maven-3.6.3\ygh_maven\com\sun\jersey\jersey-core\1.9\jersey-core-1.9.jar;D:\apache-maven-3.6.3\ygh_maven\com\aliyun\aliyun-java-sdk-ram\3.0.0\aliyun-java-sdk-ram-3.0.0.jar;D:\apache-maven-3.6.3\ygh_maven\com\aliyun\aliyun-java-sdk-sts\3.0.0\aliyun-java-sdk-sts-3.0.0.jar;D:\apache-maven-3.6.3\ygh_maven\com\aliyun\aliyun-java-sdk-ecs\4.2.0\aliyun-java-sdk-ecs-4.2.0.jar;D:\apache-maven-3.6.3\ygh_maven\joda-time\joda-time\2.10.1\joda-time-2.10.1.jar;D:\apache-maven-3.6.3\ygh_maven\org\springframework\boot\spring-boot-starter-data-redis\2.2.1.RELEASE\spring-boot-starter-data-redis-2.2.1.RELEASE.jar;D:\apache-maven-3.6.3\ygh_maven\org\springframework\data\spring-data-redis\2.2.1.RELEASE\spring-data-redis-2.2.1.RELEASE.jar;D:\apache-maven-3.6.3\ygh_maven\org\springframework\data\spring-data-keyvalue\2.2.1.RELEASE\spring-data-keyvalue-2.2.1.RELEASE.jar;D:\apache-maven-3.6.3\ygh_maven\org\springframework\data\spring-data-commons\2.2.1.RELEASE\spring-data-commons-2.2.1.RELEASE.jar;D:\apache-maven-3.6.3\ygh_maven\org\springframework\spring-tx\5.2.1.RELEASE\spring-tx-5.2.1.RELEASE.jar;D:\apache-maven-3.6.3\ygh_maven\org\springframework\spring-oxm\5.2.1.RELEASE\spring-oxm-5.2.1.RELEASE.jar;D:\apache-maven-3.6.3\ygh_maven\org\springframework\spring-context-support\5.2.1.RELEASE\spring-context-support-5.2.1.RELEASE.jar;D:\apache-maven-3.6.3\ygh_maven\io\lettuce\lettuce-core\5.2.1.RELEASE\lettuce-core-5.2.1.RELEASE.jar;D:\apache-maven-3.6.3\ygh_maven\io\netty\netty-common\4.1.43.Final\netty-common-4.1.43.Final.jar;D:\apache-maven-3.6.3\ygh_maven\io\netty\netty-handler\4.1.43.Final\netty-handler-4.1.43.Final.jar;D:\apache-maven-3.6.3\ygh_maven\io\netty\netty-buffer\4.1.43.Final\netty-buffer-4.1.43.Final.jar;D:\apache-maven-3.6.3\ygh_maven\io\netty\netty-codec\4.1.43.Final\netty-codec-4.1.43.Final.jar;D:\apache-maven-3.6.3\ygh_maven\io\netty\netty-transport\4.1.43.Final\netty-transport-4.1.43.Final.jar;D:\apache-maven-3.6.3\ygh_maven\io\netty\netty-resolver\4.1.43.Final\netty-resolver-4.1.43.Final.jar;D:\apache-maven-3.6.3\ygh_maven\io\projectreactor\reactor-core\3.3.0.RELEASE\reactor-core-3.3.0.RELEASE.jar;D:\apache-maven-3.6.3\ygh_maven\org\reactivestreams\reactive-streams\1.0.3\reactive-streams-1.0.3.jar;D:\apache-maven-3.6.3\ygh_maven\org\apache\commons\commons-pool2\2.6.0\commons-pool2-2.6.0.jar;D:\apache-maven-3.6.3\ygh_maven\org\springframework\boot\spring-boot-starter-aop\2.2.1.RELEASE\spring-boot-starter-aop-2.2.1.RELEASE.jar;D:\apache-maven-3.6.3\ygh_maven\org\springframework\spring-aop\5.2.1.RELEASE\spring-aop-5.2.1.RELEASE.jar;D:\apache-maven-3.6.3\ygh_maven\org\aspectj\aspectjweaver\1.9.4\aspectjweaver-1.9.4.jar;D:\apache-maven-3.6.3\ygh_maven\cn\hutool\hutool-all\5.5.7\hutool-all-5.5.7.jar;D:\apache-maven-3.6.3\ygh_maven\nl\basjes\parse\useragent\yauaa\5.23\yauaa-5.23.jar;D:\apache-maven-3.6.3\ygh_maven\org\apache\httpcomponents\client5\httpclient5\5.0.3\httpclient5-5.0.3.jar;D:\apache-maven-3.6.3\ygh_maven\org\apache\httpcomponents\core5\httpcore5\5.0.2\httpcore5-5.0.2.jar;D:\apache-maven-3.6.3\ygh_maven\org\apache\httpcomponents\core5\httpcore5-h2\5.0.2\httpcore5-h2-5.0.2.jar;D:\apache-maven-3.6.3\ygh_maven\org\apache\commons\commons-text\1.9\commons-text-1.9.jar;D:\apache-maven-3.6.3\ygh_maven\org\apache\commons\commons-collections4\4.4\commons-collections4-4.4.jar;D:\apache-maven-3.6.3\ygh_maven\nl\basjes\collections\prefixmap\2.0\prefixmap-2.0.jar;D:\apache-maven-3.6.3\ygh_maven\org\lionsoul\ip2region\1.7.2\ip2region-1.7.2.jar;"/>
    <property name="sun.cpu.endian" value="little"/>
    <property name="user.home" value="C:\Users\YangGh"/>
    <property name="user.language" value="zh"/>
    <property name="java.specification.vendor" value="Oracle Corporation"/>
    <property name="java.home" value="D:\Java\jdk1.8.0_333\jre"/>
    <property name="basedir" value="D:\刘伟Springboot大作业\ygh-admin"/>
    <property name="file.separator" value="\"/>
    <property name="line.separator" value="&#10;"/>
    <property name="java.vm.specification.vendor" value="Oracle Corporation"/>
    <property name="java.specification.name" value="Java Platform API Specification"/>
    <property name="java.awt.graphicsenv" value="sun.awt.Win32GraphicsEnvironment"/>
    <property name="surefire.real.class.path" value="C:\Users\YangGh\AppData\Local\Temp\surefire8456286759998589941\surefirebooter6323924805573992366.jar"/>
    <property name="sun.boot.class.path" value="D:\Java\jdk1.8.0_333\jre\lib\resources.jar;D:\Java\jdk1.8.0_333\jre\lib\rt.jar;D:\Java\jdk1.8.0_333\jre\lib\sunrsasign.jar;D:\Java\jdk1.8.0_333\jre\lib\jsse.jar;D:\Java\jdk1.8.0_333\jre\lib\jce.jar;D:\Java\jdk1.8.0_333\jre\lib\charsets.jar;D:\Java\jdk1.8.0_333\jre\lib\jfr.jar;D:\Java\jdk1.8.0_333\jre\classes"/>
    <property name="user.script" value=""/>
    <property name="sun.management.compiler" value="HotSpot 64-Bit Tiered Compilers"/>
    <property name="java.runtime.version" value="1.8.0_333-b02"/>
    <property name="user.name" value="YangGh"/>
    <property name="path.separator" value=";"/>
    <property name="os.version" value="10.0"/>
    <property name="java.endorsed.dirs" value="D:\Java\jdk1.8.0_333\jre\lib\endorsed"/>
    <property name="java.runtime.name" value="Java(TM) SE Runtime Environment"/>
    <property name="file.encoding" value="GBK"/>
    <property name="java.vm.name" value="Java HotSpot(TM) 64-Bit Server VM"/>
    <property name="localRepository" value="D:\apache-maven-3.6.3\ygh_maven"/>
    <property name="java.vendor.url.bug" value="http://bugreport.sun.com/bugreport/"/>
    <property name="java.io.tmpdir" value="C:\Users\YangGh\AppData\Local\Temp\"/>
    <property name="idea.version" value="2022.3"/>
    <property name="java.version" value="1.8.0_333"/>
    <property name="user.dir" value="D:\刘伟Springboot大作业\ygh-admin"/>
    <property name="os.arch" value="amd64"/>
    <property name="java.vm.specification.name" value="Java Virtual Machine Specification"/>
    <property name="java.awt.printerjob" value="sun.awt.windows.WPrinterJob"/>
    <property name="sun.os.patch.level" value=""/>
    <property name="java.library.path" value="D:\Java\jdk1.8.0_333\jre\bin;C:\WINDOWS\Sun\Java\bin;C:\WINDOWS\system32;C:\WINDOWS;D:\Python39\Scripts\;D:\Python39\;D:\Python39\Lib;C:\Program Files (x86)\Common Files\Oracle\Java\javapath;C:\Program Files (x86)\NVIDIA Corporation\PhysX\Common;C:\Program Files\Bandizip\;C:\Program Files\NVIDIA Corporation\NVIDIA NvDLISR;C:\Program Files\dotnet\;C:\Users\YangGh\AppData\Local\Microsoft\WindowsApps;C:\Windows;C:\Windows\System32\OpenSSH\;C:\Windows\System32\Wbem;C:\Windows\System32\WindowsPowerShell\v1.0\;C:\Windows\system32;D:\Java\jdk1.8.0_333\bin;D:\Java\jdk1.8.0_333\jre\bin;D:\VMware\VMware Workstation\bin\;D:\apache-maven-3.6.3\bin;D:\Git\cmd;C:\WINDOWS\system32;C:\WINDOWS;C:\WINDOWS\System32\Wbem;C:\WINDOWS\System32\WindowsPowerShell\v1.0\;C:\WINDOWS\System32\OpenSSH\;D:\nodejs\;D:\nodejs\node_modules;D:\nodejs\node_global;D:\Python39\Script;D:\NetSarang\Xftp 7\;D:\NetSarang\Xshell 7\;D:\Tencent\微信web开发者工具\dll;D:\Go\bin;%PNPM_HOME%;C:\Users\YangGh\AppData\Local\Microsoft\WindowsApps;C:\Program Files\Bandizip\;D:\Microsoft VS Code\bin;C:\Users\YangGh\AppData\Roaming\npm;D:\nodejs\node_global\node_modules;C:\Users\YangGh\go\bin;."/>
    <property name="java.vm.info" value="mixed mode"/>
    <property name="java.vendor" value="Oracle Corporation"/>
    <property name="java.vm.version" value="25.333-b02"/>
    <property name="java.ext.dirs" value="D:\Java\jdk1.8.0_333\jre\lib\ext;C:\WINDOWS\Sun\Java\lib\ext"/>
    <property name="sun.io.unicode.encoding" value="UnicodeLittle"/>
    <property name="java.class.version" value="52.0"/>
  </properties>
  <testcase name="contextLoads" classname="com.ygh.admin.YghAdminApplicationTests" time="0.873"/>
</testsuite>